2020-10-28 13:31:08 ERROR  : Error connecting to the server: FATAL:  sistem database dinyalakan

2020-10-28 13:31:14 ERROR  : Error connecting to the server: FATAL:  sistem database dinyalakan

2020-10-28 13:31:21 ERROR  : Error connecting to the server: FATAL:  sistem database dinyalakan

2020-10-28 13:32:13 ERROR  : server closed the connection unexpectedly
	This probably means the server terminated abnormally
	before or while processing the request.
2020-10-28 13:32:20 ERROR  : Failed to re-establish the connection to the server postgres on postgres@localhost:5432
2020-10-28 15:19:37 ERROR  : ERROR:  fungsi sc_tmp.tr_tmp_legal_detail() tidak ada
2020-10-28 15:19:44 ERROR  : ERROR:  fungsi sc_tmp.tr_tmp_legal_detail() tidak ada
2020-10-28 15:24:57 ERROR  : ERROR:  fungsi sc_tmp.tr_legal_master() tidak ada
2020-10-28 15:26:11 ERROR  : ERROR:  trigger « tr_tmp_legal_detail » untuk relasi « legal_detail » sudah ada
2020-10-28 16:03:56 ERROR  : ERROR:  kolom « vr_nodok » tidak ada
LINE 6: ...')::timestamp as input_date,null as approval_date,vr_nodok a...
                                                             ^
HINT:  Perhaps you meant to reference the column "c.nodok".
2020-10-29 05:40:20 ERROR  : ERROR:  kolom « kddept » tidak ada
LINE 1: select * from sc_tmp.payroll_detail where kddept='PB';
                                                  ^
2020-10-29 05:50:37 ERROR  : server closed the connection unexpectedly
	This probably means the server terminated abnormally
	before or while processing the request.
2020-10-29 05:50:40 ERROR  : ERROR:  relasi « sc_mst.lvl_jabatan » tidak ada
LINE 1: select * from sc_mst.lvl_jabatan
                      ^
2020-10-29 06:11:10 ERROR  : server closed the connection unexpectedly
	This probably means the server terminated abnormally
	before or while processing the request.
2020-10-29 06:37:24 ERROR  : server closed the connection unexpectedly
	This probably means the server terminated abnormally
	before or while processing the request.
2020-10-29 06:39:46 ERROR  : ERROR:  'sintaks error' pada atau didekat « where »
LINE 1: UPDATE SC_MST.USER set level_akses='KBG' WHERE  where nik='0...
                                                        ^
2020-10-29 08:09:25 ERROR  : ERROR:  nilai kunci ganda melanggar batasan unik « pk_nomor »
DETAIL:  Kunci « (dokumen, part)=(P_LEGAL, ) » sudah ada.
2020-10-29 08:10:43 ERROR  : ERROR:  relasi « sc_trx.legal_master » tidak ada
LINE 1: select * from sc_trx.legal_master;
                      ^
2020-10-29 08:13:18 ERROR  : ERROR:  "vr_lastdoc" is not a known variable
LINE 21:    vr_lastdoc:= case 
            ^
2020-10-29 08:27:43 ERROR  : ERROR:  'sintaks error' pada atau didekat « select »
LINE 35:    (select vr_nomor as docno,docname,doctype,docdate,docref,...
             ^
2020-10-29 08:28:07 ERROR  : ERROR:  'sintaks error' pada atau didekat « delete »
LINE 43:    delete from sc_tmp.legal_detail where docno=new.docno;
            ^
2020-10-29 17:54:06 ERROR  : ERROR:  relasi « sc_trx.legal_master » tidak ada
LINE 3: ... z3.uraian as nmstatus,b.desc_cabang as nmbu from sc_trx.leg...
                                                             ^
2020-10-29 18:22:09 ERROR  : ERROR:  fungsi sc_his.tr_legal_master() tidak ada
2020-10-30 10:38:25 ERROR  : server closed the connection unexpectedly
	This probably means the server terminated abnormally
	before or while processing the request.
2020-10-30 11:13:21 ERROR  : server closed the connection unexpectedly
	This probably means the server terminated abnormally
	before or while processing the request.
2020-10-30 11:13:44 ERROR  : could not connect to server: Connection timed out (0x0000274C/10060)
	Is the server running on host "192.168.1.21" and accepting
	TCP/IP connections on port 5432?
2020-10-30 11:14:07 ERROR  : could not connect to server: Connection timed out (0x0000274C/10060)
	Is the server running on host "192.168.1.21" and accepting
	TCP/IP connections on port 5432?
2020-10-30 11:15:44 ERROR  : server closed the connection unexpectedly
	This probably means the server terminated abnormally
	before or while processing the request.
2020-10-30 12:03:52 ERROR  : ERROR:  relasi « t_absentcempe.absent » tidak ada
LINE 1: select * from t_absentcempe.absent 
                      ^
2020-10-30 12:03:59 ERROR  : ERROR:  relasi « t_absentcempe » tidak ada
LINE 1: select * from t_absentcempe
                      ^
2020-10-30 12:15:32 ERROR  : server closed the connection unexpectedly
	This probably means the server terminated abnormally
	before or while processing the request.
2020-10-30 12:32:01 ERROR  : server closed the connection unexpectedly
	This probably means the server terminated abnormally
	before or while processing the request.
2020-10-30 12:32:03 ERROR  : ERROR:  'sintaks error' pada atau didekat « '0920.403' »
LINE 4: ('0920.403','JOGJA','2020-10-28 17:28:39','O',''),
         ^
2020-10-30 12:32:11 ERROR  : ERROR:  nilai kunci ganda melanggar batasan unik « absent_pkey »
DETAIL:  Kunci « (userid, officeid, checktime)=(0920.403, JOGJA, 2020-10-28 13:52:39) » sudah ada.
2020-10-31 10:17:33 ERROR  : ERROR:  kolom « docref » tidak ada
LINE 1: select * from sc_trx.stbbk_mst where docref='PBK20100013'
                                             ^
HINT:  Perhaps you meant to reference the column "stbbk_mst.nodokref".
2020-10-31 10:34:16 ERROR  : ERROR:  'sintaks error' pada atau didekat « dokumen »
LINE 1: update sc_mst.nomor set docno='43' dokumen='STG_BBK';
                                           ^
2020-10-31 12:05:38 ERROR  : server closed the connection unexpectedly
	This probably means the server terminated abnormally
	before or while processing the request.
2020-10-31 12:09:05 ERROR  : ERROR:  relasi « sc_tmp.legal_master » tidak ada
2020-10-31 12:10:06 ERROR  : ERROR:  'sintaks error' pada atau didekat « 'SBYNSA' »
LINE 10: ('SBYNSA',2,'I.D.B','TRACKING LEGAL','I.D','0','S','f','fa-u...
          ^
2020-10-31 12:10:12 ERROR  : ERROR:  'sintaks error' pada atau didekat « 'SBYNSA' »
LINE 10: ('SBYNSA',2,'I.D.B','TRACKING LEGAL','I.D','0','S','f','fa-u...
          ^
2020-10-31 12:11:03 ERROR  : ERROR:  'sintaks error' pada atau didekat « dokumen »
LINE 218: (dokumen,part,count3,prefix,sufix,docno,userid,modul,periode...
           ^
2020-10-31 12:12:12 ERROR  : ERROR:  kolom  « group_nomor » dari relasi « nomor » tidak ada
LINE 218: ...,prefix,sufix,docno,userid,modul,periode,cekclose,group_nomo...
                                                               ^
2020-10-31 12:14:28 ERROR  : ERROR:  fungsi sc_tmp.tr_legal_master() tidak ada
2020-10-31 12:26:40 ERROR  : server closed the connection unexpectedly
	This probably means the server terminated abnormally
	before or while processing the request.
